Start testing: Jun 21 12:17 +07
----------------------------------------------------------
1/1 Testing: testpinakey
1/1 Test: testpinakey
Command: "/home/tungtran/Documents/pinakey/fcitx5/build/test/testpinakey"
Directory: /home/tungtran/Documents/pinakey/fcitx5/build/test
"testpinakey" start time: Jun 21 12:17 +07
Output:
----------------------------------------------------------
E2026-06-21 12:17:46.764954 addonmanager.cpp:186] Failed to find addon loader for: StaticLibrary
Preedit: v|
AuxUp: 
AuxDown: 
Candidates: 
Preedit: vi|
AuxUp: 
AuxDown: 
Candidates: 
Preedit: vie|
AuxUp: 
AuxDown: 
Candidates: 
Preedit: viê|
AuxUp: 
AuxDown: 
Candidates: 
Preedit: viêt|
AuxUp: 
AuxDown: 
Candidates: 
Preedit: việt|
AuxUp: 
AuxDown: 
Candidates: 
Preedit: 
AuxUp: 
AuxDown: 
Candidates: 
Preedit: t|
AuxUp: 
AuxDown: 
Candidates: 
Preedit: ti|
AuxUp: 
AuxDown: 
Candidates: 
Preedit: tie|
AuxUp: 
AuxDown: 
Candidates: 
Preedit: tiê|
AuxUp: 
AuxDown: 
Candidates: 
Preedit: tiên|
AuxUp: 
AuxDown: 
Candidates: 
Preedit: tiêng|
AuxUp: 
AuxDown: 
Candidates: 
Preedit: tiếng|
AuxUp: 
AuxDown: 
Candidates: 
Preedit: 
AuxUp: 
AuxDown: 
Candidates: 
Preedit: l|
AuxUp: 
AuxDown: 
Candidates: 
Preedit: lo|
AuxUp: 
AuxDown: 
Candidates: 
Preedit: loz|
AuxUp: 
AuxDown: 
Candidates: 
Preedit: 
AuxUp: 
AuxDown: 
Candidates: 
Preedit: a|
AuxUp: 
AuxDown: 
Candidates: 
Preedit: á|
AuxUp: 
AuxDown: 
Candidates: 
Preedit: 
AuxUp: 
AuxDown: 
Candidates: 
<end of output>
Test time =   0.01 sec
----------------------------------------------------------
Test Passed.
"testpinakey" end time: Jun 21 12:17 +07
"testpinakey" time elapsed: 00:00:00
----------------------------------------------------------

End testing: Jun 21 12:17 +07
